[quinielasbros.com/quiniela/6.html]
[backblue.gif]
[fade.gif]
[index.html]
[quinielasbros.com/bros_logo.png]
[quinielasbros.com/flags/638168241629828885.png]
[quinielasbros.com/flags/638159077015036498.png]
[quinielasbros.com/flags/638372396889808976.png]
[quinielasbros.com/flags/638122539472687724.png]
[quinielasbros.com/flags/638205272005374283.png]
[quinielasbros.com/flags/638122539865195083.png]
[quinielasbros.com/flags/638122539996422328.png]
[quinielasbros.com/flags/638116695560077847.png]
[quinielasbros.com/flags/638372398124348810.png]
[quinielasbros.com/flags/638159077175755200.png]
[quinielasbros.com/flags/638129297489360354.png]
[quinielasbros.com/flags/638177168071314892.png]
[quinielasbros.com/flags/638116694261544252.png]
[quinielasbros.com/flags/638186306569464339.png]
[quinielasbros.com/flags/638105659067855894.png]
[quinielasbros.com/flags/638105658484613383.png]
[quinielasbros.com/flags/638105658066725144.png]
[quinielasbros.com/flags/638105657755088834.png]
[quinielasbros.com/quiniela/facebook.html]
[quinielasbros.com/js/sitec41e.js]
[quinielasbros.com/quiniela/6.html]
[quinielasbros.com/lib/bootstrap/superhero/bootstrap.min.css]
[quinielasbros.com/logo.jpg]
[quinielasbros.com/css/styles.css]
[quinielasbros.com/quiniela/facebook.html]
